<?xml version="1.0" encoding="UTF-8"?>
<coverage generated="1692841037911" clover="3.2.0">
  <project timestamp="1692841037911" name="All files">
    <metrics statements="4" coveredstatements="3" conditionals="4" coveredconditionals="2" methods="1" coveredmethods="0" elements="9" coveredelements="5" complexity="0" loc="4" ncloc="4" packages="1" files="1" classes="1"/>
    <file name="PlButton.vue" path="/home/lucasjesus/projetos/pl-f/planeja-facil/src/components/Libraries/PlButton.vue">
      <metrics statements="4" coveredstatements="3" conditionals="4" coveredconditionals="2" methods="1" coveredmethods="0"/>
      <line num="19" count="1" type="stmt"/>
      <line num="20" count="0" type="stmt"/>
      <line num="23" count="1" type="stmt"/>
      <line num="27" count="1" type="stmt"/>
    </file>
  </project>
</coverage>
