{"/home/lucasjesus/projetos/pl-f/planeja-facil/src/components/Libraries/PlButton.vue": {"path":"/home/lucasjesus/projetos/pl-f/planeja-facil/src/components/Libraries/PlButton.vue","statementMap":{"0":{"start":{"line":19,"column":20},"end":{"line":21,"column":null}},"1":{"start":{"line":20,"column":8},"end":{"line":20,"column":null}},"2":{"start":{"line":23,"column":42},"end":{"line":23,"column":null}},"3":{"start":{"line":27,"column":4},"end":{"line":33,"column":null}}},"fnMap":{"0":{"name":"(anonymous_1)","decl":{"start":{"line":19,"column":20},"end":{"line":19,"column":21}},"loc":{"start":{"line":19,"column":34},"end":{"line":21,"column":null}}}},"branchMap":{"0":{"loc":{"start":{"line":32,"column":21},"end":{"line":32,"column":null}},"type":"cond-expr","locations":[{"start":{"line":32,"column":8},"end":{"line":32,"column":null}},{"start":{"line":32,"column":52},"end":{"line":32,"column":null}}]},"1":{"loc":{"start":{"line":33,"column":11},"end":{"line":33,"column":null}},"type":"cond-expr","locations":[{"start":{"line":33,"column":19},"end":{"line":33,"column":26}},{"start":{"line":33,"column":26},"end":{"line":33,"column":null}}]}},"s":{"0":1,"1":0,"2":1,"3":1},"f":{"0":0},"b":{"0":[1,0],"1":[0,1]}}
}
